ELF 头：
  Magic：   7f 45 4c 46 02 01 01 00 00 00 00 00 00 00 00 00 
  类别:                              ELF64
  数据:                              2 补码，小端序 (little endian)
  Version:                           1 (current)
  OS/ABI:                            UNIX - System V
  ABI 版本:                          0
  类型:                              REL (可重定位文件)
  系统架构:                          Advanced Micro Devices X86-64
  版本:                              0x1
  入口点地址：               0x0
  程序头起点：          0 (bytes into file)
  Start of section headers:          656 (bytes into file)
  标志：             0x0
  Size of this header:               64 (bytes)
  Size of program headers:           0 (bytes)
  Number of program headers:         0
  Size of section headers:           64 (bytes)
  Number of section headers:         13
  Section header string table index: 12

节头：
  [号] 名称              类型             地址              偏移量
       大小              全体大小          旗标   链接   信息   对齐
  [ 0]                   NULL             0000000000000000  00000000
       0000000000000000  0000000000000000           0     0     0
  [ 1] .text             PROGBITS         0000000000000000  00000040
       0000000000000083  0000000000000000  AX       0     0     1
  [ 2] .rela.text        RELA             0000000000000000  000001d8
       0000000000000030  0000000000000018   I      10     1     8
  [ 3] .data             PROGBITS         0000000000000000  000000c3
       0000000000000000  0000000000000000  WA       0     0     1
  [ 4] .bss              NOBITS           0000000000000000  000000c4
       0000000000000004  0000000000000000  WA       0     0     4
  [ 5] .comment          PROGBITS         0000000000000000  000000c4
       0000000000000027  0000000000000001  MS       0     0     1
  [ 6] .note.GNU-stack   PROGBITS         0000000000000000  000000eb
       0000000000000000  0000000000000000           0     0     1
  [ 7] .note.gnu.pr[...] NOTE             0000000000000000  000000f0
       0000000000000020  0000000000000000   A       0     0     8
  [ 8] .eh_frame         PROGBITS         0000000000000000  00000110
       0000000000000038  0000000000000000   A       0     0     8
  [ 9] .rela.eh_frame    RELA             0000000000000000  00000208
       0000000000000018  0000000000000018   I      10     8     8
  [10] .symtab           SYMTAB           0000000000000000  00000148
       0000000000000078  0000000000000018          11     3     8
  [11] .strtab           STRTAB           0000000000000000  000001c0
       0000000000000018  0000000000000000           0     0     1
  [12] .shstrtab         STRTAB           0000000000000000  00000220
       000000000000006c  0000000000000000           0     0     1
Key to Flags:
  W (write), A (alloc), X (execute), M (merge), S (strings), I (info),
  L (link order), O (extra OS processing required), G (group), T (TLS),
  C (compressed), x (unknown), o (OS specific), E (exclude),
  D (mbind), l (large), p (processor specific)

There are no section groups in this file.

本文件中没有程序头。

There is no dynamic section in this file.

重定位节 '.rela.text' at offset 0x1d8 contains 2 entries:
  偏移量          信息           类型           符号值        符号名称 + 加数
000000000019  000300000002 R_X86_64_PC32     0000000000000000 addcnt - 4
000000000022  000300000002 R_X86_64_PC32     0000000000000000 addcnt - 4

重定位节 '.rela.eh_frame' at offset 0x208 contains 1 entry:
  偏移量          信息           类型           符号值        符号名称 + 加数
000000000020  000200000002 R_X86_64_PC32     0000000000000000 .text + 0
No processor specific unwind information to decode

Symbol table '.symtab' contains 5 entries:
   Num:    Value          Size Type    Bind   Vis      Ndx Name
     0: 0000000000000000     0 NOTYPE  LOCAL  DEFAULT  UND 
     1: 0000000000000000     0 FILE    LOCAL  DEFAULT  ABS addvec.c
     2: 0000000000000000     0 SECTION LOCAL  DEFAULT    1 .text
     3: 0000000000000000     4 OBJECT  GLOBAL DEFAULT    4 addcnt
     4: 0000000000000000   131 FUNC    GLOBAL DEFAULT    1 addvec

No version information found in this file.

Displaying notes found in: .note.gnu.property
  所有者            Data size 	Description
  GNU                  0x00000010	NT_GNU_PROPERTY_TYPE_0
      Properties: x86 feature: IBT, SHSTK
